<?xml version="1.0" encoding="UTF-8"?>
<!-- Generated by org.testng.reporters.JUnitReportReporter -->
<testsuite hostname="DESKTOP-E7CBL99" failures="0" tests="10" name="com.test.Website" time="49.437" errors="0" timestamp="2022-10-12T11:56:03 IST" skipped="1">
  <testcase classname="com.test.Website" name="pageLoadTime" time="0.018"/>
  <system-out/>
  <testcase classname="com.test.Website" name="CheckResolution" time="0.125"/>
  <system-out/>
  <testcase classname="com.test.Website" name="refresh" time="0.045"/>
  <system-out/>
  <testcase classname="com.test.Website" name="navigate" time="45.015"/>
  <system-out/>
  <testcase classname="com.test.Website" name="imageDownload" time="0.030"/>
  <system-out/>
  <testcase classname="com.test.Website" name="scroll" time="0.825"/>
  <system-out/>
  <testcase classname="com.test.Website" name="LoadingImages" time="0.043"/>
  <system-out/>
  <testcase classname="com.test.Website" name="search" time="3.315"/>
  <system-out/>
  <testcase classname="com.test.Website" name="NavigateToBottom" time="0.021"/>
  <system-out/>
  <testcase classname="com.test.Website" name="LaunchFirefox">
    <skipped/>
  </testcase> <!-- LaunchFirefox -->
  <system-out/>
</testsuite> <!-- com.test.Website -->
